Determining if the pthread_create exist failed with the following output:
Change Dir: /opt/groot/new_libs/vision_opencv/vision_opencv-kinetic/image_geometry/CMakeFiles/CMakeTmp

Run Build Command:"/usr/bin/make" "cmTC_1eaa2/fast"
/usr/bin/make -f CMakeFiles/cmTC_1eaa2.dir/build.make CMakeFiles/cmTC_1eaa2.dir/build
make[1]: Entering directory '/opt/groot/new_libs/vision_opencv/vision_opencv-kinetic/image_geometry/CMakeFiles/CMakeTmp'
Building C object CMakeFiles/cmTC_1eaa2.dir/CheckSymbolExists.c.o
/usr/bin/cc     -o CMakeFiles/cmTC_1eaa2.dir/CheckSymbolExists.c.o   -c /opt/groot/new_libs/vision_opencv/vision_opencv-kinetic/image_geometry/CMakeFiles/CMakeTmp/CheckSymbolExists.c
Linking C executable cmTC_1eaa2
/usr/bin/cmake -E cmake_link_script CMakeFiles/cmTC_1eaa2.dir/link.txt --verbose=1
/usr/bin/cc       CMakeFiles/cmTC_1eaa2.dir/CheckSymbolExists.c.o  -o cmTC_1eaa2 -rdynamic 
CMakeFiles/cmTC_1eaa2.dir/CheckSymbolExists.c.o: In function `main':
CheckSymbolExists.c:(.text+0x16): undefined reference to `pthread_create'
collect2: error: ld returned 1 exit status
CMakeFiles/cmTC_1eaa2.dir/build.make:97: recipe for target 'cmTC_1eaa2' failed
make[1]: *** [cmTC_1eaa2] Error 1
make[1]: Leaving directory '/opt/groot/new_libs/vision_opencv/vision_opencv-kinetic/image_geometry/CMakeFiles/CMakeTmp'
Makefile:126: recipe for target 'cmTC_1eaa2/fast' failed
make: *** [cmTC_1eaa2/fast] Error 2

File /opt/groot/new_libs/vision_opencv/vision_opencv-kinetic/image_geometry/CMakeFiles/CMakeTmp/CheckSymbolExists.c:
/* */
#include <pthread.h>

int main(int argc, char** argv)
{
  (void)argv;
#ifndef pthread_create
  return ((int*)(&pthread_create))[argc];
#else
  (void)argc;
  return 0;
#endif
}

Determining if the function pthread_create exists in the pthreads failed with the following output:
Change Dir: /opt/groot/new_libs/vision_opencv/vision_opencv-kinetic/image_geometry/CMakeFiles/CMakeTmp

Run Build Command:"/usr/bin/make" "cmTC_caeba/fast"
/usr/bin/make -f CMakeFiles/cmTC_caeba.dir/build.make CMakeFiles/cmTC_caeba.dir/build
make[1]: Entering directory '/opt/groot/new_libs/vision_opencv/vision_opencv-kinetic/image_geometry/CMakeFiles/CMakeTmp'
Building C object CMakeFiles/cmTC_caeba.dir/CheckFunctionExists.c.o
/usr/bin/cc    -DCHECK_FUNCTION_EXISTS=pthread_create   -o CMakeFiles/cmTC_caeba.dir/CheckFunctionExists.c.o   -c /usr/share/cmake-3.5/Modules/CheckFunctionExists.c
Linking C executable cmTC_caeba
/usr/bin/cmake -E cmake_link_script CMakeFiles/cmTC_caeba.dir/link.txt --verbose=1
/usr/bin/cc   -DCHECK_FUNCTION_EXISTS=pthread_create    CMakeFiles/cmTC_caeba.dir/CheckFunctionExists.c.o  -o cmTC_caeba -rdynamic -lpthreads 
/usr/bin/ld: cannot find -lpthreads
collect2: error: ld returned 1 exit status
CMakeFiles/cmTC_caeba.dir/build.make:97: recipe for target 'cmTC_caeba' failed
make[1]: *** [cmTC_caeba] Error 1
make[1]: Leaving directory '/opt/groot/new_libs/vision_opencv/vision_opencv-kinetic/image_geometry/CMakeFiles/CMakeTmp'
Makefile:126: recipe for target 'cmTC_caeba/fast' failed
make: *** [cmTC_caeba/fast] Error 2


