Determining if the pthread_create exist failed with the following output:
Change Dir: /opt/groot/new_libs/vision_opencv/vision_opencv-kinetic/vision_opencv/CMakeFiles/CMakeTmp

Run Build Command:"/usr/bin/make" "cmTC_6ae1d/fast"
/usr/bin/make -f CMakeFiles/cmTC_6ae1d.dir/build.make CMakeFiles/cmTC_6ae1d.dir/build
make[1]: Entering directory '/opt/groot/new_libs/vision_opencv/vision_opencv-kinetic/vision_opencv/CMakeFiles/CMakeTmp'
Building C object CMakeFiles/cmTC_6ae1d.dir/CheckSymbolExists.c.o
/usr/bin/cc     -o CMakeFiles/cmTC_6ae1d.dir/CheckSymbolExists.c.o   -c /opt/groot/new_libs/vision_opencv/vision_opencv-kinetic/vision_opencv/CMakeFiles/CMakeTmp/CheckSymbolExists.c
Linking C executable cmTC_6ae1d
/usr/bin/cmake -E cmake_link_script CMakeFiles/cmTC_6ae1d.dir/link.txt --verbose=1
/usr/bin/cc       CMakeFiles/cmTC_6ae1d.dir/CheckSymbolExists.c.o  -o cmTC_6ae1d -rdynamic 
CMakeFiles/cmTC_6ae1d.dir/CheckSymbolExists.c.o: In function `main':
CheckSymbolExists.c:(.text+0x16): undefined reference to `pthread_create'
collect2: error: ld returned 1 exit status
CMakeFiles/cmTC_6ae1d.dir/build.make:97: recipe for target 'cmTC_6ae1d' failed
make[1]: *** [cmTC_6ae1d] Error 1
make[1]: Leaving directory '/opt/groot/new_libs/vision_opencv/vision_opencv-kinetic/vision_opencv/CMakeFiles/CMakeTmp'
Makefile:126: recipe for target 'cmTC_6ae1d/fast' failed
make: *** [cmTC_6ae1d/fast] Error 2

File /opt/groot/new_libs/vision_opencv/vision_opencv-kinetic/vision_opencv/CMakeFiles/CMakeTmp/CheckSymbolExists.c:
/* */
#include <pthread.h>

int main(int argc, char** argv)
{
  (void)argv;
#ifndef pthread_create
  return ((int*)(&pthread_create))[argc];
#else
  (void)argc;
  return 0;
#endif
}

Determining if the function pthread_create exists in the pthreads failed with the following output:
Change Dir: /opt/groot/new_libs/vision_opencv/vision_opencv-kinetic/vision_opencv/CMakeFiles/CMakeTmp

Run Build Command:"/usr/bin/make" "cmTC_330ab/fast"
/usr/bin/make -f CMakeFiles/cmTC_330ab.dir/build.make CMakeFiles/cmTC_330ab.dir/build
make[1]: Entering directory '/opt/groot/new_libs/vision_opencv/vision_opencv-kinetic/vision_opencv/CMakeFiles/CMakeTmp'
Building C object CMakeFiles/cmTC_330ab.dir/CheckFunctionExists.c.o
/usr/bin/cc    -DCHECK_FUNCTION_EXISTS=pthread_create   -o CMakeFiles/cmTC_330ab.dir/CheckFunctionExists.c.o   -c /usr/share/cmake-3.5/Modules/CheckFunctionExists.c
Linking C executable cmTC_330ab
/usr/bin/cmake -E cmake_link_script CMakeFiles/cmTC_330ab.dir/link.txt --verbose=1
/usr/bin/cc   -DCHECK_FUNCTION_EXISTS=pthread_create    CMakeFiles/cmTC_330ab.dir/CheckFunctionExists.c.o  -o cmTC_330ab -rdynamic -lpthreads 
/usr/bin/ld: cannot find -lpthreads
collect2: error: ld returned 1 exit status
CMakeFiles/cmTC_330ab.dir/build.make:97: recipe for target 'cmTC_330ab' failed
make[1]: *** [cmTC_330ab] Error 1
make[1]: Leaving directory '/opt/groot/new_libs/vision_opencv/vision_opencv-kinetic/vision_opencv/CMakeFiles/CMakeTmp'
Makefile:126: recipe for target 'cmTC_330ab/fast' failed
make: *** [cmTC_330ab/fast] Error 2


Determining if the pthread_create exist failed with the following output:
Change Dir: /opt/groot/new_libs/vision_opencv/vision_opencv-kinetic/vision_opencv/CMakeFiles/CMakeTmp

Run Build Command:"/usr/bin/make" "cmTC_7ea6c/fast"
/usr/bin/make -f CMakeFiles/cmTC_7ea6c.dir/build.make CMakeFiles/cmTC_7ea6c.dir/build
make[1]: Entering directory '/opt/groot/new_libs/vision_opencv/vision_opencv-kinetic/vision_opencv/CMakeFiles/CMakeTmp'
Building C object CMakeFiles/cmTC_7ea6c.dir/CheckSymbolExists.c.o
/usr/bin/cc     -o CMakeFiles/cmTC_7ea6c.dir/CheckSymbolExists.c.o   -c /opt/groot/new_libs/vision_opencv/vision_opencv-kinetic/vision_opencv/CMakeFiles/CMakeTmp/CheckSymbolExists.c
Linking C executable cmTC_7ea6c
/usr/bin/cmake -E cmake_link_script CMakeFiles/cmTC_7ea6c.dir/link.txt --verbose=1
/usr/bin/cc       CMakeFiles/cmTC_7ea6c.dir/CheckSymbolExists.c.o  -o cmTC_7ea6c -rdynamic 
CMakeFiles/cmTC_7ea6c.dir/CheckSymbolExists.c.o: In function `main':
CheckSymbolExists.c:(.text+0x16): undefined reference to `pthread_create'
collect2: error: ld returned 1 exit status
CMakeFiles/cmTC_7ea6c.dir/build.make:97: recipe for target 'cmTC_7ea6c' failed
make[1]: *** [cmTC_7ea6c] Error 1
make[1]: Leaving directory '/opt/groot/new_libs/vision_opencv/vision_opencv-kinetic/vision_opencv/CMakeFiles/CMakeTmp'
Makefile:126: recipe for target 'cmTC_7ea6c/fast' failed
make: *** [cmTC_7ea6c/fast] Error 2

File /opt/groot/new_libs/vision_opencv/vision_opencv-kinetic/vision_opencv/CMakeFiles/CMakeTmp/CheckSymbolExists.c:
/* */
#include <pthread.h>

int main(int argc, char** argv)
{
  (void)argv;
#ifndef pthread_create
  return ((int*)(&pthread_create))[argc];
#else
  (void)argc;
  return 0;
#endif
}

Determining if the function pthread_create exists in the pthreads failed with the following output:
Change Dir: /opt/groot/new_libs/vision_opencv/vision_opencv-kinetic/vision_opencv/CMakeFiles/CMakeTmp

Run Build Command:"/usr/bin/make" "cmTC_632eb/fast"
/usr/bin/make -f CMakeFiles/cmTC_632eb.dir/build.make CMakeFiles/cmTC_632eb.dir/build
make[1]: Entering directory '/opt/groot/new_libs/vision_opencv/vision_opencv-kinetic/vision_opencv/CMakeFiles/CMakeTmp'
Building C object CMakeFiles/cmTC_632eb.dir/CheckFunctionExists.c.o
/usr/bin/cc    -DCHECK_FUNCTION_EXISTS=pthread_create   -o CMakeFiles/cmTC_632eb.dir/CheckFunctionExists.c.o   -c /usr/share/cmake-3.5/Modules/CheckFunctionExists.c
Linking C executable cmTC_632eb
/usr/bin/cmake -E cmake_link_script CMakeFiles/cmTC_632eb.dir/link.txt --verbose=1
/usr/bin/cc   -DCHECK_FUNCTION_EXISTS=pthread_create    CMakeFiles/cmTC_632eb.dir/CheckFunctionExists.c.o  -o cmTC_632eb -rdynamic -lpthreads 
/usr/bin/ld: cannot find -lpthreads
collect2: error: ld returned 1 exit status
CMakeFiles/cmTC_632eb.dir/build.make:97: recipe for target 'cmTC_632eb' failed
make[1]: *** [cmTC_632eb] Error 1
make[1]: Leaving directory '/opt/groot/new_libs/vision_opencv/vision_opencv-kinetic/vision_opencv/CMakeFiles/CMakeTmp'
Makefile:126: recipe for target 'cmTC_632eb/fast' failed
make: *** [cmTC_632eb/fast] Error 2


